The system is: Linux - 2.6.26-2-486 - i686
Compiling the C compiler identification source file "CMakeCCompilerId.c" succeeded.
Compiler: /usr/bin/gcc 
Build flags: 
Id flags: 

The output was:
0


Compilation of the C compiler identification source "CMakeCCompilerId.c" produced "a.out"

The C compiler identification is GNU, found in "/home/mattm/src/openvas-svn/trunk/openvas-libraries/omp/CMakeFiles/CompilerIdC/a.out"

Determining if the C compiler works passed with the following output:
Change Dir: /home/mattm/src/openvas-svn/trunk/openvas-libraries/omp/CMakeFiles/CMakeTmp

Run Build Command:/usr/bin/make "cmTryCompileExec/fast"
make[1]: Entering directory `/home/mattm/src/openvas-svn/trunk/openvas-libraries/omp/CMakeFiles/CMakeTmp'
/usr/bin/make -f CMakeFiles/cmTryCompileExec.dir/build.make CMakeFiles/cmTryCompileExec.dir/build
make[2]: Entering directory `/home/mattm/src/openvas-svn/trunk/openvas-libraries/omp/CMakeFiles/CMakeTmp'
/usr/bin/cmake -E cmake_progress_report /home/mattm/src/openvas-svn/trunk/openvas-libraries/omp/CMakeFiles/CMakeTmp/CMakeFiles 1
Building C object CMakeFiles/cmTryCompileExec.dir/testCCompiler.c.o
/usr/bin/gcc    -o CMakeFiles/cmTryCompileExec.dir/testCCompiler.c.o   -c /home/mattm/src/openvas-svn/trunk/openvas-libraries/omp/CMakeFiles/CMakeTmp/testCCompiler.c
Linking C executable cmTryCompileExec
/usr/bin/cmake -E cmake_link_script CMakeFiles/cmTryCompileExec.dir/link.txt --verbose=1
/usr/bin/gcc        CMakeFiles/cmTryCompileExec.dir/testCCompiler.c.o  -o cmTryCompileExec -rdynamic 
make[2]: Leaving directory `/home/mattm/src/openvas-svn/trunk/openvas-libraries/omp/CMakeFiles/CMakeTmp'
make[1]: Leaving directory `/home/mattm/src/openvas-svn/trunk/openvas-libraries/omp/CMakeFiles/CMakeTmp'


Detecting C compiler ABI info compiled with the following output:
Change Dir: /home/mattm/src/openvas-svn/trunk/openvas-libraries/omp/CMakeFiles/CMakeTmp

Run Build Command:/usr/bin/make "cmTryCompileExec/fast"
make[1]: Entering directory `/home/mattm/src/openvas-svn/trunk/openvas-libraries/omp/CMakeFiles/CMakeTmp'
/usr/bin/make -f CMakeFiles/cmTryCompileExec.dir/build.make CMakeFiles/cmTryCompileExec.dir/build
make[2]: Entering directory `/home/mattm/src/openvas-svn/trunk/openvas-libraries/omp/CMakeFiles/CMakeTmp'
/usr/bin/cmake -E cmake_progress_report /home/mattm/src/openvas-svn/trunk/openvas-libraries/omp/CMakeFiles/CMakeTmp/CMakeFiles 1
Building C object CMakeFiles/cmTryCompileExec.dir/CMakeCCompilerABI.c.o
/usr/bin/gcc    -o CMakeFiles/cmTryCompileExec.dir/CMakeCCompilerABI.c.o   -c /usr/share/cmake-2.6/Modules/CMakeCCompilerABI.c
Linking C executable cmTryCompileExec
/usr/bin/cmake -E cmake_link_script CMakeFiles/cmTryCompileExec.dir/link.txt --verbose=1
/usr/bin/gcc        CMakeFiles/cmTryCompileExec.dir/CMakeCCompilerABI.c.o  -o cmTryCompileExec -rdynamic 
make[2]: Leaving directory `/home/mattm/src/openvas-svn/trunk/openvas-libraries/omp/CMakeFiles/CMakeTmp'
make[1]: Leaving directory `/home/mattm/src/openvas-svn/trunk/openvas-libraries/omp/CMakeFiles/CMakeTmp'


